Arguments: 
  C:\Program Files\nodejs\node.exe C:\Users\beast\AppData\Roaming\npm\node_modules\yarn\bin\yarn.js add JWTManager

PATH: 
  C:\Program Files (x86)\VMware\VMware Player\bin\;C:\Program Files\Eclipse Adoptium\jdk-17.0.7.7-hotspot\bin;C:\Program Files\Common Files\Oracle\Java\javapath;C:\Windows\system32;C:\Windows;C:\Windows\System32\Wbem;C:\Windows\System32\WindowsPowerShell\v1.0\;C:\Windows\System32\OpenSSH\;C:\Program Files (x86)\NVIDIA Corporation\PhysX\Common;C:\Program Files\NVIDIA Corporation\NVIDIA NvDLISR;C:\Program Files\dotnet\;C:\WINDOWS\system32;C:\WINDOWS;C:\WINDOWS\System32\Wbem;C:\WINDOWS\System32\WindowsPowerShell\v1.0\;C:\WINDOWS\System32\OpenSSH\;C:\ProgramData\chocolatey\bin;C:\Program Files\nodejs\;C:\Program Files\MongoDB\Server\6.0\bin;C:\Program Files\Java\jdk-17.0.1\bin;C:\Program Files\Git\cmd;C:\Program Files\Docker\Docker\resources\bin;C:\Users\beast\AppData\Local\Programs\Python\Python311\Scripts\;C:\Users\beast\AppData\Local\Programs\Python\Python311\;C:\Users\beast\AppData\Local\Microsoft\WindowsApps;C:\Users\beast\AppData\Local\Programs\Microsoft VS Code\bin;C:\Users\beast\AppData\Local\GitHubDesktop\bin;C:\Users\beast\AppData\Roaming\npm;C:\Program Files\heroku\bin;C:\Users\beast\AppData\Local\Google\Cloud SDK\google-cloud-sdk\bin;C:\Users\beast\AppData\Local\Google\Cloud SDK\google-cloud-sdk.staging\bin;

Yarn version: 
  1.22.19

Node version: 
  19.8.1

Platform: 
  win32 x64

Trace: 
  Error: https://registry.yarnpkg.com/JWTManager: Not found
      at params.callback [as _callback] (C:\Users\beast\AppData\Roaming\npm\node_modules\yarn\lib\cli.js:66145:18)
      at self.callback (C:\Users\beast\AppData\Roaming\npm\node_modules\yarn\lib\cli.js:140890:22)
      at Request.emit (node:events:512:28)
      at Request.<anonymous> (C:\Users\beast\AppData\Roaming\npm\node_modules\yarn\lib\cli.js:141862:10)
      at Request.emit (node:events:512:28)
      at IncomingMessage.<anonymous> (C:\Users\beast\AppData\Roaming\npm\node_modules\yarn\lib\cli.js:141784:12)
      at Object.onceWrapper (node:events:626:28)
      at IncomingMessage.emit (node:events:524:35)
      at endReadableNT (node:internal/streams/readable:1359:12)
      at process.processTicksAndRejections (node:internal/process/task_queues:82:21)

npm manifest: 
  No manifest

yarn manifest: 
  No manifest

Lockfile: 
  # THIS IS AN AUTOGENERATED FILE. DO NOT EDIT THIS FILE DIRECTLY.
  # yarn lockfile v1
